Flow report for alarm
Sun Apr 20 22:26:29 2025
Quartus II 64-Bit Version 13.0.1 Build 232 06/12/2013 Service Pack 1 SJ Web Edition


---------------------
; Table of Contents ;
---------------------
  1. Legal Notice
  2. Flow Summary
  3. Flow Settings
  4. Flow Non-Default Global Settings
  5. Flow Elapsed Time
  6. Flow OS Summary
  7. Flow Log
  8. Flow Messages
  9. Flow Suppressed Messages



----------------
; Legal Notice ;
----------------
Copyright (C) 1991-2013 Altera Corporation
Your use of Altera Corporation's design tools, logic functions 
and other software and tools, and its AMPP partner logic 
functions, and any output files from any of the foregoing 
(including device programming or simulation files), and any 
associated documentation or information are expressly subject 
to the terms and conditions of the Altera Program License 
Subscription Agreement, Altera MegaCore Function License 
Agreement, or other applicable license agreement, including, 
without limitation, that your use is for the sole purpose of 
programming logic devices manufactured by Altera and sold by 
Altera or its authorized distributors.  Please refer to the 
applicable agreement for further details.



+---------------------------------------------------------------------------------------+
; Flow Summary                                                                          ;
+-------------------------------------+-------------------------------------------------+
; Flow Status                         ; Successful - Sun Apr 20 22:26:29 2025           ;
; Quartus II 64-Bit Version           ; 13.0.1 Build 232 06/12/2013 SP 1 SJ Web Edition ;
; Revision Name                       ; alarm                                           ;
; Top-level Entity Name               ; ClockTop                                        ;
; Family                              ; Cyclone V                                       ;
; Device                              ; 5CGXFC7C7F23C8                                  ;
; Timing Models                       ; Final                                           ;
; Logic utilization (in ALMs)         ; 36 / 56,480 ( < 1 % )                           ;
; Total registers                     ; 46                                              ;
; Total pins                          ; 16 / 268 ( 6 % )                                ;
; Total virtual pins                  ; 0                                               ;
; Total block memory bits             ; 0 / 7,024,640 ( 0 % )                           ;
; Total DSP Blocks                    ; 0 / 156 ( 0 % )                                 ;
; Total HSSI RX PCSs                  ; 0 / 6 ( 0 % )                                   ;
; Total HSSI PMA RX Deserializers     ; 0 / 6 ( 0 % )                                   ;
; Total HSSI PMA RX ATT Deserializers ; 0                                               ;
; Total HSSI TX PCSs                  ; 0 / 6 ( 0 % )                                   ;
; Total HSSI PMA TX Serializers       ; 0 / 6 ( 0 % )                                   ;
; Total HSSI PMA TX ATT Serializers   ; 0 / 6 ( 0 % )                                   ;
; Total PLLs                          ; 0 / 13 ( 0 % )                                  ;
; Total DLLs                          ; 0 / 4 ( 0 % )                                   ;
+-------------------------------------+-------------------------------------------------+


+-----------------------------------------+
; Flow Settings                           ;
+-------------------+---------------------+
; Option            ; Setting             ;
+-------------------+---------------------+
; Start date & time ; 04/20/2025 22:25:23 ;
; Main task         ; Compilation         ;
; Revision Name     ; alarm               ;
+-------------------+---------------------+


+----------------------------------------------------------------------------------------------------------------------+
; Flow Non-Default Global Settings                                                                                     ;
+--------------------------------------+--------------------------------+---------------+-------------+----------------+
; Assignment Name                      ; Value                          ; Default Value ; Entity Name ; Section Id     ;
+--------------------------------------+--------------------------------+---------------+-------------+----------------+
; COMPILER_SIGNATURE_ID                ; 10995770589188.174516272308672 ; --            ; --          ; --             ;
; EDA_DESIGN_INSTANCE_NAME             ; NA                             ; --            ; --          ; ClockTop_tb    ;
; EDA_NATIVELINK_SIMULATION_TEST_BENCH ; ClockTop_tb                    ; --            ; --          ; eda_simulation ;
; EDA_OUTPUT_DATA_FORMAT               ; Vhdl                           ; --            ; --          ; eda_simulation ;
; EDA_SIMULATION_TOOL                  ; ModelSim-Altera (VHDL)         ; <None>        ; --          ; --             ;
; EDA_TEST_BENCH_ENABLE_STATUS         ; TEST_BENCH_MODE                ; --            ; --          ; eda_simulation ;
; EDA_TEST_BENCH_FILE                  ; ClockTop_tb.sv                 ; --            ; --          ; ClockTop_tb    ;
; EDA_TEST_BENCH_MODULE_NAME           ; ClockTop_tb                    ; --            ; --          ; ClockTop_tb    ;
; EDA_TEST_BENCH_NAME                  ; ClockTop_tb                    ; --            ; --          ; eda_simulation ;
; MAX_CORE_JUNCTION_TEMP               ; 85                             ; --            ; --          ; --             ;
; MIN_CORE_JUNCTION_TEMP               ; 0                              ; --            ; --          ; --             ;
; PARTITION_COLOR                      ; 16764057                       ; --            ; ClockTop    ; Top            ;
; PARTITION_FITTER_PRESERVATION_LEVEL  ; PLACEMENT_AND_ROUTING          ; --            ; ClockTop    ; Top            ;
; PARTITION_NETLIST_TYPE               ; SOURCE                         ; --            ; ClockTop    ; Top            ;
; PROJECT_OUTPUT_DIRECTORY             ; output_files                   ; --            ; --          ; --             ;
; TOP_LEVEL_ENTITY                     ; ClockTop                       ; alarm         ; --          ; --             ;
+--------------------------------------+--------------------------------+---------------+-------------+----------------+


+-------------------------------------------------------------------------------------------------------------------------------+
; Flow Elapsed Time                                                                                                             ;
+---------------------------+--------------+-------------------------+---------------------+------------------------------------+
; Module Name               ; Elapsed Time ; Average Processors Used ; Peak Virtual Memory ; Total CPU Time (on all processors) ;
+---------------------------+--------------+-------------------------+---------------------+------------------------------------+
; Analysis & Synthesis      ; 00:00:02     ; 1.0                     ; 4680 MB             ; 00:00:01                           ;
; Fitter                    ; 00:00:44     ; 2.9                     ; 6933 MB             ; 00:01:25                           ;
; Assembler                 ; 00:00:10     ; 1.0                     ; 4788 MB             ; 00:00:10                           ;
; TimeQuest Timing Analyzer ; 00:00:07     ; 1.0                     ; 5345 MB             ; 00:00:08                           ;
; EDA Netlist Writer        ; 00:00:00     ; 1.0                     ; 4602 MB             ; 00:00:01                           ;
; Total                     ; 00:01:03     ; --                      ; --                  ; 00:01:45                           ;
+---------------------------+--------------+-------------------------+---------------------+------------------------------------+


+----------------------------------------------------------------------------------------+
; Flow OS Summary                                                                        ;
+---------------------------+------------------+-----------+------------+----------------+
; Module Name               ; Machine Hostname ; OS Name   ; OS Version ; Processor type ;
+---------------------------+------------------+-----------+------------+----------------+
; Analysis & Synthesis      ; DESKTOP-T7JBLPV  ; Windows 7 ; 6.2        ; x86_64         ;
; Fitter                    ; DESKTOP-T7JBLPV  ; Windows 7 ; 6.2        ; x86_64         ;
; Assembler                 ; DESKTOP-T7JBLPV  ; Windows 7 ; 6.2        ; x86_64         ;
; TimeQuest Timing Analyzer ; DESKTOP-T7JBLPV  ; Windows 7 ; 6.2        ; x86_64         ;
; EDA Netlist Writer        ; DESKTOP-T7JBLPV  ; Windows 7 ; 6.2        ; x86_64         ;
+---------------------------+------------------+-----------+------------+----------------+


------------
; Flow Log ;
------------
quartus_map --read_settings_files=on --write_settings_files=off alarm -c alarm
quartus_fit --read_settings_files=off --write_settings_files=off alarm -c alarm
quartus_asm --read_settings_files=off --write_settings_files=off alarm -c alarm
quartus_sta alarm -c alarm
quartus_eda --read_settings_files=off --write_settings_files=off alarm -c alarm



